<?xml version="1.0" encoding="UTF-8"?>
<!-- Generated by org.testng.reporters.JUnitXMLReporter -->
<testsuite ignored="0" hostname="IBM-PF38ZP4L" failures="0" tests="40" name="Test" time="586.3" errors="0" timestamp="2025-01-17T14:49:11 IST">
  <testcase classname="testCases.SC_level_DataValidation" name="Login" time="4.258"/>
  <testcase classname="testCases.SC_level_DataValidation" name="verify_ClassificationServiceChain" time="15.055"/>
  <testcase classname="testCases.SC_level_DataValidation" name="verify_ClassificationServiceChain" time="14.765"/>
  <testcase classname="testCases.SC_level_DataValidation" name="verify_ClassificationServiceChain" time="14.876"/>
  <testcase classname="testCases.SC_level_DataValidation" name="verify_ClassificationServiceChain" time="14.866"/>
  <testcase classname="testCases.SC_level_DataValidation" name="verify_ClassificationServiceChain" time="14.93"/>
  <testcase classname="testCases.SC_level_DataValidation" name="verify_ClassificationServiceChain" time="14.858"/>
  <testcase classname="testCases.SC_level_DataValidation" name="verify_ClassificationServiceChain" time="14.792"/>
  <testcase classname="testCases.SC_level_DataValidation" name="verify_ClassificationServiceChain" time="14.854"/>
  <testcase classname="testCases.SC_level_DataValidation" name="verify_ClassificationServiceChain" time="14.827"/>
  <testcase classname="testCases.SC_level_DataValidation" name="verify_ClassificationServiceChain" time="14.804"/>
  <testcase classname="testCases.SC_level_DataValidation" name="verify_ClassificationServiceChain" time="14.858"/>
  <testcase classname="testCases.SC_level_DataValidation" name="verify_ClassificationServiceChain" time="14.775"/>
  <testcase classname="testCases.SC_level_DataValidation" name="verify_ClassificationServiceChain" time="14.792"/>
  <testcase classname="testCases.SC_level_DataValidation" name="verify_ClassificationServiceChain" time="14.766"/>
  <testcase classname="testCases.SC_level_DataValidation" name="verify_ClassificationServiceChain" time="14.894"/>
  <testcase classname="testCases.SC_level_DataValidation" name="verify_ClassificationServiceChain" time="14.85"/>
  <testcase classname="testCases.SC_level_DataValidation" name="verify_ClassificationServiceChain" time="14.747"/>
  <testcase classname="testCases.SC_level_DataValidation" name="verify_ClassificationServiceChain" time="14.778"/>
  <testcase classname="testCases.SC_level_DataValidation" name="verify_ClassificationServiceChain" time="14.787"/>
  <testcase classname="testCases.SC_level_DataValidation" name="verify_ClassificationServiceChain" time="14.794"/>
  <testcase classname="testCases.SC_level_DataValidation" name="verify_ClassificationServiceChain" time="14.813"/>
  <testcase classname="testCases.SC_level_DataValidation" name="verify_ClassificationServiceChain" time="14.903"/>
  <testcase classname="testCases.SC_level_DataValidation" name="verify_ClassificationServiceChain" time="14.8"/>
  <testcase classname="testCases.SC_level_DataValidation" name="verify_ClassificationServiceChain" time="14.834"/>
  <testcase classname="testCases.SC_level_DataValidation" name="verify_ClassificationServiceChain" time="14.942"/>
  <testcase classname="testCases.SC_level_DataValidation" name="verify_ClassificationServiceChain" time="14.827"/>
  <testcase classname="testCases.SC_level_DataValidation" name="verify_ClassificationServiceChain" time="14.842"/>
  <testcase classname="testCases.SC_level_DataValidation" name="verify_ClassificationServiceChain" time="14.856"/>
  <testcase classname="testCases.SC_level_DataValidation" name="verify_ClassificationServiceChain" time="14.917"/>
  <testcase classname="testCases.SC_level_DataValidation" name="verify_ClassificationServiceChain" time="14.811"/>
  <testcase classname="testCases.SC_level_DataValidation" name="verify_ClassificationServiceChain" time="14.921"/>
  <testcase classname="testCases.SC_level_DataValidation" name="verify_ClassificationServiceChain" time="14.832"/>
  <testcase classname="testCases.SC_level_DataValidation" name="verify_ClassificationServiceChain" time="14.93"/>
  <testcase classname="testCases.SC_level_DataValidation" name="verify_ClassificationServiceChain" time="14.907"/>
  <testcase classname="testCases.SC_level_DataValidation" name="verify_ClassificationServiceChain" time="14.95"/>
  <testcase classname="testCases.SC_level_DataValidation" name="verify_ClassificationServiceChain" time="14.865"/>
  <testcase classname="testCases.SC_level_DataValidation" name="verify_ClassificationServiceChain" time="14.925"/>
  <testcase classname="testCases.SC_level_DataValidation" name="verify_ClassificationServiceChain" time="14.981"/>
  <testcase classname="testCases.SC_level_DataValidation" name="LogOut" time="1.183"/>
</testsuite> <!-- Test -->
