<?xml version="1.0" encoding="UTF-8"?>
<!-- Generated by org.testng.reporters.JUnitXMLReporter -->
<testsuite ignored="0" hostname="IBM-PF38ZP4L" failures="0" tests="40" name="Test" time="622.151" errors="0" timestamp="2025-01-07T18:18:44 IST">
  <testcase classname="testCases.EADMF26_27_TC_02" name="Login" time="39.132"/>
  <testcase classname="testCases.EADMF26_27_TC_02" name="verify_ClassificationSchemePage" time="15.977"/>
  <testcase classname="testCases.EADMF26_27_TC_02" name="verify_ClassificationSchemePage" time="14.794"/>
  <testcase classname="testCases.EADMF26_27_TC_02" name="verify_ClassificationSchemePage" time="14.93"/>
  <testcase classname="testCases.EADMF26_27_TC_02" name="verify_ClassificationSchemePage" time="14.903"/>
  <testcase classname="testCases.EADMF26_27_TC_02" name="verify_ClassificationSchemePage" time="14.818"/>
  <testcase classname="testCases.EADMF26_27_TC_02" name="verify_ClassificationSchemePage" time="14.746"/>
  <testcase classname="testCases.EADMF26_27_TC_02" name="verify_ClassificationSchemePage" time="14.833"/>
  <testcase classname="testCases.EADMF26_27_TC_02" name="verify_ClassificationSchemePage" time="14.939"/>
  <testcase classname="testCases.EADMF26_27_TC_02" name="verify_ClassificationSchemePage" time="14.79"/>
  <testcase classname="testCases.EADMF26_27_TC_02" name="verify_ClassificationSchemePage" time="14.815"/>
  <testcase classname="testCases.EADMF26_27_TC_02" name="verify_ClassificationSchemePage" time="14.894"/>
  <testcase classname="testCases.EADMF26_27_TC_02" name="verify_ClassificationSchemePage" time="14.695"/>
  <testcase classname="testCases.EADMF26_27_TC_02" name="verify_ClassificationSchemePage" time="14.79"/>
  <testcase classname="testCases.EADMF26_27_TC_02" name="verify_ClassificationSchemePage" time="14.822"/>
  <testcase classname="testCases.EADMF26_27_TC_02" name="verify_ClassificationSchemePage" time="14.803"/>
  <testcase classname="testCases.EADMF26_27_TC_02" name="verify_ClassificationSchemePage" time="14.812"/>
  <testcase classname="testCases.EADMF26_27_TC_02" name="verify_ClassificationSchemePage" time="14.733"/>
  <testcase classname="testCases.EADMF26_27_TC_02" name="verify_ClassificationSchemePage" time="14.807"/>
  <testcase classname="testCases.EADMF26_27_TC_02" name="verify_ClassificationSchemePage" time="14.879"/>
  <testcase classname="testCases.EADMF26_27_TC_02" name="verify_ClassificationSchemePage" time="14.916"/>
  <testcase classname="testCases.EADMF26_27_TC_02" name="verify_ClassificationSchemePage" time="14.846"/>
  <testcase classname="testCases.EADMF26_27_TC_02" name="verify_ClassificationSchemePage" time="14.861"/>
  <testcase classname="testCases.EADMF26_27_TC_02" name="verify_ClassificationSchemePage" time="14.841"/>
  <testcase classname="testCases.EADMF26_27_TC_02" name="verify_ClassificationSchemePage" time="14.924"/>
  <testcase classname="testCases.EADMF26_27_TC_02" name="verify_ClassificationSchemePage" time="14.784"/>
  <testcase classname="testCases.EADMF26_27_TC_02" name="verify_ClassificationSchemePage" time="14.762"/>
  <testcase classname="testCases.EADMF26_27_TC_02" name="verify_ClassificationSchemePage" time="14.904"/>
  <testcase classname="testCases.EADMF26_27_TC_02" name="verify_ClassificationSchemePage" time="14.8"/>
  <testcase classname="testCases.EADMF26_27_TC_02" name="verify_ClassificationSchemePage" time="14.889"/>
  <testcase classname="testCases.EADMF26_27_TC_02" name="verify_ClassificationSchemePage" time="14.841"/>
  <testcase classname="testCases.EADMF26_27_TC_02" name="verify_ClassificationSchemePage" time="14.831"/>
  <testcase classname="testCases.EADMF26_27_TC_02" name="verify_ClassificationSchemePage" time="14.92"/>
  <testcase classname="testCases.EADMF26_27_TC_02" name="verify_ClassificationSchemePage" time="14.845"/>
  <testcase classname="testCases.EADMF26_27_TC_02" name="verify_ClassificationSchemePage" time="14.864"/>
  <testcase classname="testCases.EADMF26_27_TC_02" name="verify_ClassificationSchemePage" time="14.962"/>
  <testcase classname="testCases.EADMF26_27_TC_02" name="verify_ClassificationSchemePage" time="14.958"/>
  <testcase classname="testCases.EADMF26_27_TC_02" name="verify_ClassificationSchemePage" time="14.863"/>
  <testcase classname="testCases.EADMF26_27_TC_02" name="verify_ClassificationSchemePage" time="14.897"/>
  <testcase classname="testCases.EADMF26_27_TC_02" name="LogOut" time="1.192"/>
</testsuite> <!-- Test -->
