<?xml version="1.0" encoding="UTF-8"?>
<!-- Generated by org.testng.reporters.JUnitXMLReporter -->
<testsuite ignored="1" hostname="IBM-PF38ZP4L" failures="0" tests="5" name="Test(failed)(failed)(failed)(failed)" time="80.857" errors="0" timestamp="2025-01-07T14:26:17 IST">
  <testcase classname="testCases.EADMF26_27_TC_02" name="Login" time="4.153"/>
  <testcase classname="testCases.EADMF26_27_TC_02" name="verify_ClassificationSchemePage" time="14.881"/>
  <testcase classname="testCases.EADMF26_27_TC_02" name="verify_ClassificationSchemePage" time="14.822"/>
  <testcase classname="testCases.EADMF26_27_TC_02" name="verify_ClassificationSchemePage" time="14.816"/>
  <testcase classname="testCases.EADMF26_27_TC_02" name="verify_ClassificationSchemePage" time="14.816"/>
  <testcase classname="testCases.EADMF26_27_TC_02" name="LogOut" time="0.0">
    <ignored/>
  </testcase> <!-- LogOut -->
</testsuite> <!-- Test(failed)(failed)(failed)(failed) -->
