<?xml version="1.0" encoding="UTF-8"?>
<testng-results ignored="0" total="40" passed="40" failed="0" skipped="0">
  <reporter-output>
  </reporter-output>
  <suite started-at="2025-01-07T18:08:21 IST" name="Suite" finished-at="2025-01-07T18:18:43 IST" duration-ms="622151">
    <groups>
    </groups>
    <test started-at="2025-01-07T18:08:21 IST" name="Test" finished-at="2025-01-07T18:18:43 IST" duration-ms="622151">
      <class name="testCases.EADMF26_27_TC_02">
        <test-method is-config="true" signature="setup()[pri:0, instance:testCases.EADMF26_27_TC_02@6fb365ed]" started-at="2025-01-07T18:08:21 IST" name="setup" finished-at="2025-01-07T18:08:33 IST" duration-ms="11303" status="PASS">
          <reporter-output>
          </reporter-output>
        </test-method> <!-- setup -->
        <test-method signature="Login()[pri:1, instance:testCases.EADMF26_27_TC_02@6fb365ed]" started-at="2025-01-07T18:08:33 IST" name="Login" finished-at="2025-01-07T18:09:12 IST" duration-ms="39132" status="PASS">
          <reporter-output>
          </reporter-output>
        </test-method> <!-- Login -->
        <test-method signature="verify_ClassificationSchemePage(java.lang.String,java.lang.String,java.lang.String,java.lang.String,java.lang.String,java.lang.String,java.lang.String)[pri:2, instance:testCases.EADMF26_27_TC_02@6fb365ed]" started-at="2025-01-07T18:09:17 IST" name="verify_ClassificationSchemePage" data-provider="ClassificationServiceChainData" finished-at="2025-01-07T18:09:33 IST" depends-on-methods="testCases.EADMF26_27_TC_02.Login" duration-ms="15977" status="PASS">
          <params>
            <param index="0">
              <value>
                <![CDATA[Service_Chain]]>
              </value>
            </param>
            <param index="1">
              <value>
                <![CDATA[Service_Chain]]>
              </value>
            </param>
            <param index="2">
              <value>
                <![CDATA[Service Chain]]>
              </value>
            </param>
            <param index="3">
              <value>
                <![CDATA[Service Chain]]>
              </value>
            </param>
            <param index="4">
              <value>
                <![CDATA[A major stage that has a specific role in the water utility service chain. It contains all the components necessary to perform its role and is part of a scheme.]]>
              </value>
            </param>
            <param index="5">
              <value>
                <![CDATA[N/A]]>
              </value>
            </param>
            <param index="6">
              <value>
                <![CDATA[NA]]>
              </value>
            </param>
          </params>
          <reporter-output>
          </reporter-output>
        </test-method> <!-- verify_ClassificationSchemePage -->
        <test-method signature="verify_ClassificationSchemePage(java.lang.String,java.lang.String,java.lang.String,java.lang.String,java.lang.String,java.lang.String,java.lang.String)[pri:2, instance:testCases.EADMF26_27_TC_02@6fb365ed]" started-at="2025-01-07T18:09:33 IST" name="verify_ClassificationSchemePage" data-provider="ClassificationServiceChainData" finished-at="2025-01-07T18:09:48 IST" depends-on-methods="testCases.EADMF26_27_TC_02.Login" duration-ms="14794" status="PASS">
          <params>
            <param index="0">
              <value>
                <![CDATA[Service_Chain \ Business]]>
              </value>
            </param>
            <param index="1">
              <value>
                <![CDATA[Business]]>
              </value>
            </param>
            <param index="2">
              <value>
                <![CDATA[Business]]>
              </value>
            </param>
            <param index="3">
              <value>
                <![CDATA[Business Service Chain]]>
              </value>
            </param>
            <param index="4">
              <value>
                <![CDATA[A major stage that has a specific role in the water utility service chain. It contains all the components necessary to perform one of the support roles within in a water utility.]]>
              </value>
            </param>
            <param index="5">
              <value>
                <![CDATA[N/A]]>
              </value>
            </param>
            <param index="6">
              <value>
                <![CDATA[NA]]>
              </value>
            </param>
          </params>
          <reporter-output>
          </reporter-output>
        </test-method> <!-- verify_ClassificationSchemePage -->
        <test-method signature="verify_ClassificationSchemePage(java.lang.String,java.lang.String,java.lang.String,java.lang.String,java.lang.String,java.lang.String,java.lang.String)[pri:2, instance:testCases.EADMF26_27_TC_02@6fb365ed]" started-at="2025-01-07T18:09:48 IST" name="verify_ClassificationSchemePage" data-provider="ClassificationServiceChainData" finished-at="2025-01-07T18:10:03 IST" depends-on-methods="testCases.EADMF26_27_TC_02.Login" duration-ms="14930" status="PASS">
          <params>
            <param index="0">
              <value>
                <![CDATA[Service_Chain \ Business \ Corporate]]>
              </value>
            </param>
            <param index="1">
              <value>
                <![CDATA[Corporate]]>
              </value>
            </param>
            <param index="2">
              <value>
                <![CDATA[Corporate]]>
              </value>
            </param>
            <param index="3">
              <value>
                <![CDATA[Corporate Business Service Chain]]>
              </value>
            </param>
            <param index="4">
              <value>
                <![CDATA[A grouping / linking of major corporate support functions that enable the core business services to be provided for each of the types of business product schemes. This covers the corporate support functions which support more than one operational schemes and operational management area (district).]]>
              </value>
            </param>
            <param index="5">
              <value>
                <![CDATA[10]]>
              </value>
            </param>
            <param index="6">
              <value>
                <![CDATA[CE]]>
              </value>
            </param>
          </params>
          <reporter-output>
          </reporter-output>
        </test-method> <!-- verify_ClassificationSchemePage -->
        <test-method signature="verify_ClassificationSchemePage(java.lang.String,java.lang.String,java.lang.String,java.lang.String,java.lang.String,java.lang.String,java.lang.String)[pri:2, instance:testCases.EADMF26_27_TC_02@6fb365ed]" started-at="2025-01-07T18:10:03 IST" name="verify_ClassificationSchemePage" data-provider="ClassificationServiceChainData" finished-at="2025-01-07T18:10:18 IST" depends-on-methods="testCases.EADMF26_27_TC_02.Login" duration-ms="14903" status="PASS">
          <params>
            <param index="0">
              <value>
                <![CDATA[Service_Chain \ Business \ Operational]]>
              </value>
            </param>
            <param index="1">
              <value>
                <![CDATA[Operational]]>
              </value>
            </param>
            <param index="2">
              <value>
                <![CDATA[Operational]]>
              </value>
            </param>
            <param index="3">
              <value>
                <![CDATA[Operational Business Service Chain]]>
              </value>
            </param>
            <param index="4">
              <value>
                <![CDATA[A grouping / linking of major operational support functions that enable the core business services to be provided for each of the types of business product schemes. This covers the operational support functions which support schemes that are managed by one operational management area (district).]]>
              </value>
            </param>
            <param index="5">
              <value>
                <![CDATA[20]]>
              </value>
            </param>
            <param index="6">
              <value>
                <![CDATA[OL]]>
              </value>
            </param>
          </params>
          <reporter-output>
          </reporter-output>
        </test-method> <!-- verify_ClassificationSchemePage -->
        <test-method signature="verify_ClassificationSchemePage(java.lang.String,java.lang.String,java.lang.String,java.lang.String,java.lang.String,java.lang.String,java.lang.String)[pri:2, instance:testCases.EADMF26_27_TC_02@6fb365ed]" started-at="2025-01-07T18:10:18 IST" name="verify_ClassificationSchemePage" data-provider="ClassificationServiceChainData" finished-at="2025-01-07T18:10:32 IST" depends-on-methods="testCases.EADMF26_27_TC_02.Login" duration-ms="14818" status="PASS">
          <params>
            <param index="0">
              <value>
                <![CDATA[Service_Chain \ Source]]>
              </value>
            </param>
            <param index="1">
              <value>
                <![CDATA[Source]]>
              </value>
            </param>
            <param index="2">
              <value>
                <![CDATA[Source]]>
              </value>
            </param>
            <param index="3">
              <value>
                <![CDATA[Source Service Chain]]>
              </value>
            </param>
            <param index="4">
              <value>
                <![CDATA[A major stage that has a specific role in the water utility service chain and contains all the components necessary to collect or transfer raw water and is part of a Supply Scheme.]]>
              </value>
            </param>
            <param index="5">
              <value>
                <![CDATA[N/A]]>
              </value>
            </param>
            <param index="6">
              <value>
                <![CDATA[NA]]>
              </value>
            </param>
          </params>
          <reporter-output>
          </reporter-output>
        </test-method> <!-- verify_ClassificationSchemePage -->
        <test-method signature="verify_ClassificationSchemePage(java.lang.String,java.lang.String,java.lang.String,java.lang.String,java.lang.String,java.lang.String,java.lang.String)[pri:2, instance:testCases.EADMF26_27_TC_02@6fb365ed]" started-at="2025-01-07T18:10:32 IST" name="verify_ClassificationSchemePage" data-provider="ClassificationServiceChainData" finished-at="2025-01-07T18:10:47 IST" depends-on-methods="testCases.EADMF26_27_TC_02.Login" duration-ms="14746" status="PASS">
          <params>
            <param index="0">
              <value>
                <![CDATA[Service_Chain \ Source \ Potable]]>
              </value>
            </param>
            <param index="1">
              <value>
                <![CDATA[Potable]]>
              </value>
            </param>
            <param index="2">
              <value>
                <![CDATA[Potable]]>
              </value>
            </param>
            <param index="3">
              <value>
                <![CDATA[Potable Source Service Chain]]>
              </value>
            </param>
            <param index="4">
              <value>
                <![CDATA[A major stage that has a specific role in the water utility service chain and contains all the components necessary to collect or transfer raw water and is part of a Potable Supply Scheme.]]>
              </value>
            </param>
            <param index="5">
              <value>
                <![CDATA[N/A]]>
              </value>
            </param>
            <param index="6">
              <value>
                <![CDATA[NA]]>
              </value>
            </param>
          </params>
          <reporter-output>
          </reporter-output>
        </test-method> <!-- verify_ClassificationSchemePage -->
        <test-method signature="verify_ClassificationSchemePage(java.lang.String,java.lang.String,java.lang.String,java.lang.String,java.lang.String,java.lang.String,java.lang.String)[pri:2, instance:testCases.EADMF26_27_TC_02@6fb365ed]" started-at="2025-01-07T18:10:47 IST" name="verify_ClassificationSchemePage" data-provider="ClassificationServiceChainData" finished-at="2025-01-07T18:11:02 IST" depends-on-methods="testCases.EADMF26_27_TC_02.Login" duration-ms="14833" status="PASS">
          <params>
            <param index="0">
              <value>
                <![CDATA[Service_Chain \ Source \ Potable \ Water]]>
              </value>
            </param>
            <param index="1">
              <value>
                <![CDATA[Water]]>
              </value>
            </param>
            <param index="2">
              <value>
                <![CDATA[Water]]>
              </value>
            </param>
            <param index="3">
              <value>
                <![CDATA[Potable Water Source Service Chain]]>
              </value>
            </param>
            <param index="4">
              <value>
                <![CDATA[A major stage that has a specific role (Potable Water Source) in the water utility service chain. It contains all the components necessary to collect and transfer raw water and is part of a Supply Scheme.]]>
              </value>
            </param>
            <param index="5">
              <value>
                <![CDATA[10]]>
              </value>
            </param>
            <param index="6">
              <value>
                <![CDATA[SE]]>
              </value>
            </param>
          </params>
          <reporter-output>
          </reporter-output>
        </test-method> <!-- verify_ClassificationSchemePage -->
        <test-method signature="verify_ClassificationSchemePage(java.lang.String,java.lang.String,java.lang.String,java.lang.String,java.lang.String,java.lang.String,java.lang.String)[pri:2, instance:testCases.EADMF26_27_TC_02@6fb365ed]" started-at="2025-01-07T18:11:02 IST" name="verify_ClassificationSchemePage" data-provider="ClassificationServiceChainData" finished-at="2025-01-07T18:11:17 IST" depends-on-methods="testCases.EADMF26_27_TC_02.Login" duration-ms="14939" status="PASS">
          <params>
            <param index="0">
              <value>
                <![CDATA[Service_Chain \ Source \ Non-Potable]]>
              </value>
            </param>
            <param index="1">
              <value>
                <![CDATA[Non-Potable]]>
              </value>
            </param>
            <param index="2">
              <value>
                <![CDATA[Non-Potable]]>
              </value>
            </param>
            <param index="3">
              <value>
                <![CDATA[Non-Potable Source Service Chain]]>
              </value>
            </param>
            <param index="4">
              <value>
                <![CDATA[A major stage that has a specific role in the water utility service chain and contains all the components necessary to collect or transfer raw water and is part of a Non-Potable Supply Scheme.]]>
              </value>
            </param>
            <param index="5">
              <value>
                <![CDATA[N/A]]>
              </value>
            </param>
            <param index="6">
              <value>
                <![CDATA[NA]]>
              </value>
            </param>
          </params>
          <reporter-output>
          </reporter-output>
        </test-method> <!-- verify_ClassificationSchemePage -->
        <test-method signature="verify_ClassificationSchemePage(java.lang.String,java.lang.String,java.lang.String,java.lang.String,java.lang.String,java.lang.String,java.lang.String)[pri:2, instance:testCases.EADMF26_27_TC_02@6fb365ed]" started-at="2025-01-07T18:11:17 IST" name="verify_ClassificationSchemePage" data-provider="ClassificationServiceChainData" finished-at="2025-01-07T18:11:32 IST" depends-on-methods="testCases.EADMF26_27_TC_02.Login" duration-ms="14790" status="PASS">
          <params>
            <param index="0">
              <value>
                <![CDATA[Service_Chain \ Source \ Non-Potable \ Water]]>
              </value>
            </param>
            <param index="1">
              <value>
                <![CDATA[Water]]>
              </value>
            </param>
            <param index="2">
              <value>
                <![CDATA[Water]]>
              </value>
            </param>
            <param index="3">
              <value>
                <![CDATA[Non-Potable Water Source Service Chain]]>
              </value>
            </param>
            <param index="4">
              <value>
                <![CDATA[A major stage that has a specific role (Non Potable Source) in the water utility service chain. It contains all the components necessary to collect and transfer raw water and is part of a Supply Scheme.]]>
              </value>
            </param>
            <param index="5">
              <value>
                <![CDATA[10]]>
              </value>
            </param>
            <param index="6">
              <value>
                <![CDATA[SE]]>
              </value>
            </param>
          </params>
          <reporter-output>
          </reporter-output>
        </test-method> <!-- verify_ClassificationSchemePage -->
        <test-method signature="verify_ClassificationSchemePage(java.lang.String,java.lang.String,java.lang.String,java.lang.String,java.lang.String,java.lang.String,java.lang.String)[pri:2, instance:testCases.EADMF26_27_TC_02@6fb365ed]" started-at="2025-01-07T18:11:32 IST" name="verify_ClassificationSchemePage" data-provider="ClassificationServiceChainData" finished-at="2025-01-07T18:11:46 IST" depends-on-methods="testCases.EADMF26_27_TC_02.Login" duration-ms="14815" status="PASS">
          <params>
            <param index="0">
              <value>
                <![CDATA[Service_Chain \ Source \ Non-Potable \ Irrigation]]>
              </value>
            </param>
            <param index="1">
              <value>
                <![CDATA[Irrigation]]>
              </value>
            </param>
            <param index="2">
              <value>
                <![CDATA[Irrigation]]>
              </value>
            </param>
            <param index="3">
              <value>
                <![CDATA[Non-Potable Irrigation Source Service Chain]]>
              </value>
            </param>
            <param index="4">
              <value>
                <![CDATA[A major stage that has a specific role (Irrigation Source / Non Potable Source) in the water utility service chain. It contains all the components necessary to collect and transfer irrigation water as part of a Supply Scheme.]]>
              </value>
            </param>
            <param index="5">
              <value>
                <![CDATA[10]]>
              </value>
            </param>
            <param index="6">
              <value>
                <![CDATA[SE]]>
              </value>
            </param>
          </params>
          <reporter-output>
          </reporter-output>
        </test-method> <!-- verify_ClassificationSchemePage -->
        <test-method signature="verify_ClassificationSchemePage(java.lang.String,java.lang.String,java.lang.String,java.lang.String,java.lang.String,java.lang.String,java.lang.String)[pri:2, instance:testCases.EADMF26_27_TC_02@6fb365ed]" started-at="2025-01-07T18:11:46 IST" name="verify_ClassificationSchemePage" data-provider="ClassificationServiceChainData" finished-at="2025-01-07T18:12:01 IST" depends-on-methods="testCases.EADMF26_27_TC_02.Login" duration-ms="14894" status="PASS">
          <params>
            <param index="0">
              <value>
                <![CDATA[Service_Chain \ Source \ Non-Potable \ Reuse]]>
              </value>
            </param>
            <param index="1">
              <value>
                <![CDATA[Reuse]]>
              </value>
            </param>
            <param index="2">
              <value>
                <![CDATA[Reuse]]>
              </value>
            </param>
            <param index="3">
              <value>
                <![CDATA[Non-Potable Reuse Source Service Chain]]>
              </value>
            </param>
            <param index="4">
              <value>
                <![CDATA[A major stage that has a specific role (Water Source) in the water utility service chain. It contains all the components necessary to collect and transfer reuse water and is part of a Supply Scheme.]]>
              </value>
            </param>
            <param index="5">
              <value>
                <![CDATA[10]]>
              </value>
            </param>
            <param index="6">
              <value>
                <![CDATA[SE]]>
              </value>
            </param>
          </params>
          <reporter-output>
          </reporter-output>
        </test-method> <!-- verify_ClassificationSchemePage -->
        <test-method signature="verify_ClassificationSchemePage(java.lang.String,java.lang.String,java.lang.String,java.lang.String,java.lang.String,java.lang.String,java.lang.String)[pri:2, instance:testCases.EADMF26_27_TC_02@6fb365ed]" started-at="2025-01-07T18:12:01 IST" name="verify_ClassificationSchemePage" data-provider="ClassificationServiceChainData" finished-at="2025-01-07T18:12:16 IST" depends-on-methods="testCases.EADMF26_27_TC_02.Login" duration-ms="14695" status="PASS">
          <params>
            <param index="0">
              <value>
                <![CDATA[Service_Chain \ Fuel]]>
              </value>
            </param>
            <param index="1">
              <value>
                <![CDATA[Fuel]]>
              </value>
            </param>
            <param index="2">
              <value>
                <![CDATA[Fuel]]>
              </value>
            </param>
            <param index="3">
              <value>
                <![CDATA[Fuel Service Chain]]>
              </value>
            </param>
            <param index="4">
              <value>
                <![CDATA[****Description to be developed****]]>
              </value>
            </param>
            <param index="5">
              <value>
                <![CDATA[N/A]]>
              </value>
            </param>
            <param index="6">
              <value>
                <![CDATA[NA]]>
              </value>
            </param>
          </params>
          <reporter-output>
          </reporter-output>
        </test-method> <!-- verify_ClassificationSchemePage -->
        <test-method signature="verify_ClassificationSchemePage(java.lang.String,java.lang.String,java.lang.String,java.lang.String,java.lang.String,java.lang.String,java.lang.String)[pri:2, instance:testCases.EADMF26_27_TC_02@6fb365ed]" started-at="2025-01-07T18:12:16 IST" name="verify_ClassificationSchemePage" data-provider="ClassificationServiceChainData" finished-at="2025-01-07T18:12:31 IST" depends-on-methods="testCases.EADMF26_27_TC_02.Login" duration-ms="14790" status="PASS">
          <params>
            <param index="0">
              <value>
                <![CDATA[Service_Chain \ Fuel \ Power]]>
              </value>
            </param>
            <param index="1">
              <value>
                <![CDATA[Power]]>
              </value>
            </param>
            <param index="2">
              <value>
                <![CDATA[Power]]>
              </value>
            </param>
            <param index="3">
              <value>
                <![CDATA[Power Fuel Service Chain]]>
              </value>
            </param>
            <param index="4">
              <value>
                <![CDATA[****Description to be developed****]]>
              </value>
            </param>
            <param index="5">
              <value>
                <![CDATA[11]]>
              </value>
            </param>
            <param index="6">
              <value>
                <![CDATA[FU]]>
              </value>
            </param>
          </params>
          <reporter-output>
          </reporter-output>
        </test-method> <!-- verify_ClassificationSchemePage -->
        <test-method signature="verify_ClassificationSchemePage(java.lang.String,java.lang.String,java.lang.String,java.lang.String,java.lang.String,java.lang.String,java.lang.String)[pri:2, instance:testCases.EADMF26_27_TC_02@6fb365ed]" started-at="2025-01-07T18:12:31 IST" name="verify_ClassificationSchemePage" data-provider="ClassificationServiceChainData" finished-at="2025-01-07T18:12:46 IST" depends-on-methods="testCases.EADMF26_27_TC_02.Login" duration-ms="14822" status="PASS">
          <params>
            <param index="0">
              <value>
                <![CDATA[Service_Chain \ Collection]]>
              </value>
            </param>
            <param index="1">
              <value>
                <![CDATA[Collection]]>
              </value>
            </param>
            <param index="2">
              <value>
                <![CDATA[Collection]]>
              </value>
            </param>
            <param index="3">
              <value>
                <![CDATA[Collection Service Chain]]>
              </value>
            </param>
            <param index="4">
              <value>
                <![CDATA[A major stage that has a specific role in the water utility service chain and contains all the components necessary to collect product and transfer from customers and is part of a Collection Scheme.]]>
              </value>
            </param>
            <param index="5">
              <value>
                <![CDATA[N/A]]>
              </value>
            </param>
            <param index="6">
              <value>
                <![CDATA[NA]]>
              </value>
            </param>
          </params>
          <reporter-output>
          </reporter-output>
        </test-method> <!-- verify_ClassificationSchemePage -->
        <test-method signature="verify_ClassificationSchemePage(java.lang.String,java.lang.String,java.lang.String,java.lang.String,java.lang.String,java.lang.String,java.lang.String)[pri:2, instance:testCases.EADMF26_27_TC_02@6fb365ed]" started-at="2025-01-07T18:12:46 IST" name="verify_ClassificationSchemePage" data-provider="ClassificationServiceChainData" finished-at="2025-01-07T18:13:00 IST" depends-on-methods="testCases.EADMF26_27_TC_02.Login" duration-ms="14803" status="PASS">
          <params>
            <param index="0">
              <value>
                <![CDATA[Service_Chain \ Collection \ Wastewater]]>
              </value>
            </param>
            <param index="1">
              <value>
                <![CDATA[Wastewater]]>
              </value>
            </param>
            <param index="2">
              <value>
                <![CDATA[Wastewater]]>
              </value>
            </param>
            <param index="3">
              <value>
                <![CDATA[Wastewater Collection Service Chain]]>
              </value>
            </param>
            <param index="4">
              <value>
                <![CDATA[A major stage that has a specific role (Wastewater Collection) in the water utility service chain. It contains all the components necessary to collect and transfer wastewater from customers and is part of a Collection Scheme.]]>
              </value>
            </param>
            <param index="5">
              <value>
                <![CDATA[10]]>
              </value>
            </param>
            <param index="6">
              <value>
                <![CDATA[CN]]>
              </value>
            </param>
          </params>
          <reporter-output>
          </reporter-output>
        </test-method> <!-- verify_ClassificationSchemePage -->
        <test-method signature="verify_ClassificationSchemePage(java.lang.String,java.lang.String,java.lang.String,java.lang.String,java.lang.String,java.lang.String,java.lang.String)[pri:2, instance:testCases.EADMF26_27_TC_02@6fb365ed]" started-at="2025-01-07T18:13:00 IST" name="verify_ClassificationSchemePage" data-provider="ClassificationServiceChainData" finished-at="2025-01-07T18:13:15 IST" depends-on-methods="testCases.EADMF26_27_TC_02.Login" duration-ms="14812" status="PASS">
          <params>
            <param index="0">
              <value>
                <![CDATA[Service_Chain \ Collection \ Drainage]]>
              </value>
            </param>
            <param index="1">
              <value>
                <![CDATA[Drainage]]>
              </value>
            </param>
            <param index="2">
              <value>
                <![CDATA[Drainage]]>
              </value>
            </param>
            <param index="3">
              <value>
                <![CDATA[Drainage Collection Service Chain]]>
              </value>
            </param>
            <param index="4">
              <value>
                <![CDATA[A major stage that has a specific role (Drainage Collection) in the water utility service chain. It contains all the components necessary to collect stormwater and transfer from customers and is part of a Collection Scheme.]]>
              </value>
            </param>
            <param index="5">
              <value>
                <![CDATA[10]]>
              </value>
            </param>
            <param index="6">
              <value>
                <![CDATA[CN]]>
              </value>
            </param>
          </params>
          <reporter-output>
          </reporter-output>
        </test-method> <!-- verify_ClassificationSchemePage -->
        <test-method signature="verify_ClassificationSchemePage(java.lang.String,java.lang.String,java.lang.String,java.lang.String,java.lang.String,java.lang.String,java.lang.String)[pri:2, instance:testCases.EADMF26_27_TC_02@6fb365ed]" started-at="2025-01-07T18:13:15 IST" name="verify_ClassificationSchemePage" data-provider="ClassificationServiceChainData" finished-at="2025-01-07T18:13:30 IST" depends-on-methods="testCases.EADMF26_27_TC_02.Login" duration-ms="14733" status="PASS">
          <params>
            <param index="0">
              <value>
                <![CDATA[Service_Chain \ Treatment]]>
              </value>
            </param>
            <param index="1">
              <value>
                <![CDATA[Treatment]]>
              </value>
            </param>
            <param index="2">
              <value>
                <![CDATA[Treatment]]>
              </value>
            </param>
            <param index="3">
              <value>
                <![CDATA[Treatment Service Chain]]>
              </value>
            </param>
            <param index="4">
              <value>
                <![CDATA[A major stage that has a specific role in the water utility service chain and contains all the components necessary to treat product to a required standard and can be part of a supply or Collection Scheme.]]>
              </value>
            </param>
            <param index="5">
              <value>
                <![CDATA[N/A]]>
              </value>
            </param>
            <param index="6">
              <value>
                <![CDATA[NA]]>
              </value>
            </param>
          </params>
          <reporter-output>
          </reporter-output>
        </test-method> <!-- verify_ClassificationSchemePage -->
        <test-method signature="verify_ClassificationSchemePage(java.lang.String,java.lang.String,java.lang.String,java.lang.String,java.lang.String,java.lang.String,java.lang.String)[pri:2, instance:testCases.EADMF26_27_TC_02@6fb365ed]" started-at="2025-01-07T18:13:30 IST" name="verify_ClassificationSchemePage" data-provider="ClassificationServiceChainData" finished-at="2025-01-07T18:13:45 IST" depends-on-methods="testCases.EADMF26_27_TC_02.Login" duration-ms="14807" status="PASS">
          <params>
            <param index="0">
              <value>
                <![CDATA[Service_Chain \ Treatment \ Potable]]>
              </value>
            </param>
            <param index="1">
              <value>
                <![CDATA[Potable]]>
              </value>
            </param>
            <param index="2">
              <value>
                <![CDATA[Potable]]>
              </value>
            </param>
            <param index="3">
              <value>
                <![CDATA[Potable Treatment Service Chain]]>
              </value>
            </param>
            <param index="4">
              <value>
                <![CDATA[A major stage that has a specific role in the water utility service chain and contains all the components necessary to treat product to required standards and is part of Supply Scheme.]]>
              </value>
            </param>
            <param index="5">
              <value>
                <![CDATA[N/A]]>
              </value>
            </param>
            <param index="6">
              <value>
                <![CDATA[NA]]>
              </value>
            </param>
          </params>
          <reporter-output>
          </reporter-output>
        </test-method> <!-- verify_ClassificationSchemePage -->
        <test-method signature="verify_ClassificationSchemePage(java.lang.String,java.lang.String,java.lang.String,java.lang.String,java.lang.String,java.lang.String,java.lang.String)[pri:2, instance:testCases.EADMF26_27_TC_02@6fb365ed]" started-at="2025-01-07T18:13:45 IST" name="verify_ClassificationSchemePage" data-provider="ClassificationServiceChainData" finished-at="2025-01-07T18:14:00 IST" depends-on-methods="testCases.EADMF26_27_TC_02.Login" duration-ms="14879" status="PASS">
          <params>
            <param index="0">
              <value>
                <![CDATA[Service_Chain \ Treatment \ Potable \ Water]]>
              </value>
            </param>
            <param index="1">
              <value>
                <![CDATA[Water]]>
              </value>
            </param>
            <param index="2">
              <value>
                <![CDATA[Water]]>
              </value>
            </param>
            <param index="3">
              <value>
                <![CDATA[Potable Water Treatment Service Chain]]>
              </value>
            </param>
            <param index="4">
              <value>
                <![CDATA[A major stage that has a specific role (Water Treatment) in the water utility service chain. It contains all the components necessary to treat raw water to potable standards and is part of Supply Scheme.]]>
              </value>
            </param>
            <param index="5">
              <value>
                <![CDATA[20]]>
              </value>
            </param>
            <param index="6">
              <value>
                <![CDATA[TT]]>
              </value>
            </param>
          </params>
          <reporter-output>
          </reporter-output>
        </test-method> <!-- verify_ClassificationSchemePage -->
        <test-method signature="verify_ClassificationSchemePage(java.lang.String,java.lang.String,java.lang.String,java.lang.String,java.lang.String,java.lang.String,java.lang.String)[pri:2, instance:testCases.EADMF26_27_TC_02@6fb365ed]" started-at="2025-01-07T18:14:00 IST" name="verify_ClassificationSchemePage" data-provider="ClassificationServiceChainData" finished-at="2025-01-07T18:14:15 IST" depends-on-methods="testCases.EADMF26_27_TC_02.Login" duration-ms="14916" status="PASS">
          <params>
            <param index="0">
              <value>
                <![CDATA[Service_Chain \ Treatment \ Non-Potable]]>
              </value>
            </param>
            <param index="1">
              <value>
                <![CDATA[Non-Potable]]>
              </value>
            </param>
            <param index="2">
              <value>
                <![CDATA[Non-Potable]]>
              </value>
            </param>
            <param index="3">
              <value>
                <![CDATA[Non-Potable Treatment Service Chain]]>
              </value>
            </param>
            <param index="4">
              <value>
                <![CDATA[A major stage that has a specific role in the water utility service chain and contains all the components necessary to treat product to required standards as part of Non-Potable Supply Scheme.]]>
              </value>
            </param>
            <param index="5">
              <value>
                <![CDATA[N/A]]>
              </value>
            </param>
            <param index="6">
              <value>
                <![CDATA[NA]]>
              </value>
            </param>
          </params>
          <reporter-output>
          </reporter-output>
        </test-method> <!-- verify_ClassificationSchemePage -->
        <test-method signature="verify_ClassificationSchemePage(java.lang.String,java.lang.String,java.lang.String,java.lang.String,java.lang.String,java.lang.String,java.lang.String)[pri:2, instance:testCases.EADMF26_27_TC_02@6fb365ed]" started-at="2025-01-07T18:14:15 IST" name="verify_ClassificationSchemePage" data-provider="ClassificationServiceChainData" finished-at="2025-01-07T18:14:29 IST" depends-on-methods="testCases.EADMF26_27_TC_02.Login" duration-ms="14846" status="PASS">
          <params>
            <param index="0">
              <value>
                <![CDATA[Service_Chain \ Treatment \ Non-Potable \ Water]]>
              </value>
            </param>
            <param index="1">
              <value>
                <![CDATA[Water]]>
              </value>
            </param>
            <param index="2">
              <value>
                <![CDATA[Water]]>
              </value>
            </param>
            <param index="3">
              <value>
                <![CDATA[Non-Potable Water Treatment Service Chain]]>
              </value>
            </param>
            <param index="4">
              <value>
                <![CDATA[A major stage that has a specific role (Non-Potable Water Treatment) in the water utility service chain. It contains all the components necessary to treat raw water to required standards and is part of Supply Scheme.]]>
              </value>
            </param>
            <param index="5">
              <value>
                <![CDATA[20]]>
              </value>
            </param>
            <param index="6">
              <value>
                <![CDATA[TT]]>
              </value>
            </param>
          </params>
          <reporter-output>
          </reporter-output>
        </test-method> <!-- verify_ClassificationSchemePage -->
        <test-method signature="verify_ClassificationSchemePage(java.lang.String,java.lang.String,java.lang.String,java.lang.String,java.lang.String,java.lang.String,java.lang.String)[pri:2, instance:testCases.EADMF26_27_TC_02@6fb365ed]" started-at="2025-01-07T18:14:29 IST" name="verify_ClassificationSchemePage" data-provider="ClassificationServiceChainData" finished-at="2025-01-07T18:14:44 IST" depends-on-methods="testCases.EADMF26_27_TC_02.Login" duration-ms="14861" status="PASS">
          <params>
            <param index="0">
              <value>
                <![CDATA[Service_Chain \ Treatment \ Non-Potable \ Reuse]]>
              </value>
            </param>
            <param index="1">
              <value>
                <![CDATA[Reuse]]>
              </value>
            </param>
            <param index="2">
              <value>
                <![CDATA[Reuse]]>
              </value>
            </param>
            <param index="3">
              <value>
                <![CDATA[Non-Potable Reuse Treatment Service Chain]]>
              </value>
            </param>
            <param index="4">
              <value>
                <![CDATA[A major stage that has a specific role (Water Treatment) in the water utility service chain. It contains all the components necessary to treat reuse water to potable standards and is part of Supply Scheme.]]>
              </value>
            </param>
            <param index="5">
              <value>
                <![CDATA[20]]>
              </value>
            </param>
            <param index="6">
              <value>
                <![CDATA[TT]]>
              </value>
            </param>
          </params>
          <reporter-output>
          </reporter-output>
        </test-method> <!-- verify_ClassificationSchemePage -->
        <test-method signature="verify_ClassificationSchemePage(java.lang.String,java.lang.String,java.lang.String,java.lang.String,java.lang.String,java.lang.String,java.lang.String)[pri:2, instance:testCases.EADMF26_27_TC_02@6fb365ed]" started-at="2025-01-07T18:14:44 IST" name="verify_ClassificationSchemePage" data-provider="ClassificationServiceChainData" finished-at="2025-01-07T18:14:59 IST" depends-on-methods="testCases.EADMF26_27_TC_02.Login" duration-ms="14841" status="PASS">
          <params>
            <param index="0">
              <value>
                <![CDATA[Service_Chain \ Treatment \ Non-Potable \ Irrigation]]>
              </value>
            </param>
            <param index="1">
              <value>
                <![CDATA[Irrigation]]>
              </value>
            </param>
            <param index="2">
              <value>
                <![CDATA[Irrigation]]>
              </value>
            </param>
            <param index="3">
              <value>
                <![CDATA[Non-Potable Irrigation Treatment Service Chain]]>
              </value>
            </param>
            <param index="4">
              <value>
                <![CDATA[A major stage that has a specific role (Irrigation Water Treatment) in the water utility service chain. It contains all the components necessary to treat raw water to required standards and is part of Supply Scheme.]]>
              </value>
            </param>
            <param index="5">
              <value>
                <![CDATA[20]]>
              </value>
            </param>
            <param index="6">
              <value>
                <![CDATA[TT]]>
              </value>
            </param>
          </params>
          <reporter-output>
          </reporter-output>
        </test-method> <!-- verify_ClassificationSchemePage -->
        <test-method signature="verify_ClassificationSchemePage(java.lang.String,java.lang.String,java.lang.String,java.lang.String,java.lang.String,java.lang.String,java.lang.String)[pri:2, instance:testCases.EADMF26_27_TC_02@6fb365ed]" started-at="2025-01-07T18:14:59 IST" name="verify_ClassificationSchemePage" data-provider="ClassificationServiceChainData" finished-at="2025-01-07T18:15:14 IST" depends-on-methods="testCases.EADMF26_27_TC_02.Login" duration-ms="14924" status="PASS">
          <params>
            <param index="0">
              <value>
                <![CDATA[Service_Chain \ Treatment \ Wastewater]]>
              </value>
            </param>
            <param index="1">
              <value>
                <![CDATA[Wastewater]]>
              </value>
            </param>
            <param index="2">
              <value>
                <![CDATA[Wastewater]]>
              </value>
            </param>
            <param index="3">
              <value>
                <![CDATA[Wastewater Treatment Service Chain]]>
              </value>
            </param>
            <param index="4">
              <value>
                <![CDATA[A major stage that has a specific role (Wastewater Treatment) in the water utility service chain. It contains all the components necessary to treat wastewater to disposal standards and is part of a Collection Scheme.]]>
              </value>
            </param>
            <param index="5">
              <value>
                <![CDATA[20]]>
              </value>
            </param>
            <param index="6">
              <value>
                <![CDATA[TT]]>
              </value>
            </param>
          </params>
          <reporter-output>
          </reporter-output>
        </test-method> <!-- verify_ClassificationSchemePage -->
        <test-method signature="verify_ClassificationSchemePage(java.lang.String,java.lang.String,java.lang.String,java.lang.String,java.lang.String,java.lang.String,java.lang.String)[pri:2, instance:testCases.EADMF26_27_TC_02@6fb365ed]" started-at="2025-01-07T18:15:14 IST" name="verify_ClassificationSchemePage" data-provider="ClassificationServiceChainData" finished-at="2025-01-07T18:15:29 IST" depends-on-methods="testCases.EADMF26_27_TC_02.Login" duration-ms="14784" status="PASS">
          <params>
            <param index="0">
              <value>
                <![CDATA[Service_Chain \ Treatment \ Drainage]]>
              </value>
            </param>
            <param index="1">
              <value>
                <![CDATA[Drainage]]>
              </value>
            </param>
            <param index="2">
              <value>
                <![CDATA[Drainage]]>
              </value>
            </param>
            <param index="3">
              <value>
                <![CDATA[Drainage Treatment Service Chain]]>
              </value>
            </param>
            <param index="4">
              <value>
                <![CDATA[A major stage that has a specific role (Drainage Treatment) in the water utility service chain. It contains all the components necessary to treat stormwater to disposal standards and is part of a Collection Scheme.]]>
              </value>
            </param>
            <param index="5">
              <value>
                <![CDATA[20]]>
              </value>
            </param>
            <param index="6">
              <value>
                <![CDATA[TT]]>
              </value>
            </param>
          </params>
          <reporter-output>
          </reporter-output>
        </test-method> <!-- verify_ClassificationSchemePage -->
        <test-method signature="verify_ClassificationSchemePage(java.lang.String,java.lang.String,java.lang.String,java.lang.String,java.lang.String,java.lang.String,java.lang.String)[pri:2, instance:testCases.EADMF26_27_TC_02@6fb365ed]" started-at="2025-01-07T18:15:29 IST" name="verify_ClassificationSchemePage" data-provider="ClassificationServiceChainData" finished-at="2025-01-07T18:15:44 IST" depends-on-methods="testCases.EADMF26_27_TC_02.Login" duration-ms="14762" status="PASS">
          <params>
            <param index="0">
              <value>
                <![CDATA[Service_Chain \ Generation]]>
              </value>
            </param>
            <param index="1">
              <value>
                <![CDATA[Generation]]>
              </value>
            </param>
            <param index="2">
              <value>
                <![CDATA[Generation]]>
              </value>
            </param>
            <param index="3">
              <value>
                <![CDATA[Generation Service Chain]]>
              </value>
            </param>
            <param index="4">
              <value>
                <![CDATA[****Description to be developed****]]>
              </value>
            </param>
            <param index="5">
              <value>
                <![CDATA[N/A]]>
              </value>
            </param>
            <param index="6">
              <value>
                <![CDATA[NA]]>
              </value>
            </param>
          </params>
          <reporter-output>
          </reporter-output>
        </test-method> <!-- verify_ClassificationSchemePage -->
        <test-method signature="verify_ClassificationSchemePage(java.lang.String,java.lang.String,java.lang.String,java.lang.String,java.lang.String,java.lang.String,java.lang.String)[pri:2, instance:testCases.EADMF26_27_TC_02@6fb365ed]" started-at="2025-01-07T18:15:44 IST" name="verify_ClassificationSchemePage" data-provider="ClassificationServiceChainData" finished-at="2025-01-07T18:15:59 IST" depends-on-methods="testCases.EADMF26_27_TC_02.Login" duration-ms="14904" status="PASS">
          <params>
            <param index="0">
              <value>
                <![CDATA[Service_Chain \ Generation \ Power]]>
              </value>
            </param>
            <param index="1">
              <value>
                <![CDATA[Power]]>
              </value>
            </param>
            <param index="2">
              <value>
                <![CDATA[Power]]>
              </value>
            </param>
            <param index="3">
              <value>
                <![CDATA[Power Generation Service Chain]]>
              </value>
            </param>
            <param index="4">
              <value>
                <![CDATA[****Description to be developed****]]>
              </value>
            </param>
            <param index="5">
              <value>
                <![CDATA[21]]>
              </value>
            </param>
            <param index="6">
              <value>
                <![CDATA[GE]]>
              </value>
            </param>
          </params>
          <reporter-output>
          </reporter-output>
        </test-method> <!-- verify_ClassificationSchemePage -->
        <test-method signature="verify_ClassificationSchemePage(java.lang.String,java.lang.String,java.lang.String,java.lang.String,java.lang.String,java.lang.String,java.lang.String)[pri:2, instance:testCases.EADMF26_27_TC_02@6fb365ed]" started-at="2025-01-07T18:15:59 IST" name="verify_ClassificationSchemePage" data-provider="ClassificationServiceChainData" finished-at="2025-01-07T18:16:13 IST" depends-on-methods="testCases.EADMF26_27_TC_02.Login" duration-ms="14800" status="PASS">
          <params>
            <param index="0">
              <value>
                <![CDATA[Service_Chain \ Disposal]]>
              </value>
            </param>
            <param index="1">
              <value>
                <![CDATA[Disposal]]>
              </value>
            </param>
            <param index="2">
              <value>
                <![CDATA[Disposal]]>
              </value>
            </param>
            <param index="3">
              <value>
                <![CDATA[Disposal Service Chain]]>
              </value>
            </param>
            <param index="4">
              <value>
                <![CDATA[A major stage that has a specific role in the water utility service chain and contains all the components necessary to transfer product to the environment as part of the disposal part of a Collection Scheme.]]>
              </value>
            </param>
            <param index="5">
              <value>
                <![CDATA[N/A]]>
              </value>
            </param>
            <param index="6">
              <value>
                <![CDATA[NA]]>
              </value>
            </param>
          </params>
          <reporter-output>
          </reporter-output>
        </test-method> <!-- verify_ClassificationSchemePage -->
        <test-method signature="verify_ClassificationSchemePage(java.lang.String,java.lang.String,java.lang.String,java.lang.String,java.lang.String,java.lang.String,java.lang.String)[pri:2, instance:testCases.EADMF26_27_TC_02@6fb365ed]" started-at="2025-01-07T18:16:13 IST" name="verify_ClassificationSchemePage" data-provider="ClassificationServiceChainData" finished-at="2025-01-07T18:16:28 IST" depends-on-methods="testCases.EADMF26_27_TC_02.Login" duration-ms="14889" status="PASS">
          <params>
            <param index="0">
              <value>
                <![CDATA[Service_Chain \ Disposal \ Wastewater]]>
              </value>
            </param>
            <param index="1">
              <value>
                <![CDATA[Wastewater]]>
              </value>
            </param>
            <param index="2">
              <value>
                <![CDATA[Wastewater]]>
              </value>
            </param>
            <param index="3">
              <value>
                <![CDATA[Wastewater Disposal Service Chain]]>
              </value>
            </param>
            <param index="4">
              <value>
                <![CDATA[A major stage that has a specific role (Wastewater Disposal) in the water utility service chain. It contains all the components necessary to transfer treated wastewater products (liquids and solids) to customers (i.e. Reuse) or the environment and is part of a Collection Scheme.]]>
              </value>
            </param>
            <param index="5">
              <value>
                <![CDATA[30]]>
              </value>
            </param>
            <param index="6">
              <value>
                <![CDATA[DL]]>
              </value>
            </param>
          </params>
          <reporter-output>
          </reporter-output>
        </test-method> <!-- verify_ClassificationSchemePage -->
        <test-method signature="verify_ClassificationSchemePage(java.lang.String,java.lang.String,java.lang.String,java.lang.String,java.lang.String,java.lang.String,java.lang.String)[pri:2, instance:testCases.EADMF26_27_TC_02@6fb365ed]" started-at="2025-01-07T18:16:28 IST" name="verify_ClassificationSchemePage" data-provider="ClassificationServiceChainData" finished-at="2025-01-07T18:16:43 IST" depends-on-methods="testCases.EADMF26_27_TC_02.Login" duration-ms="14841" status="PASS">
          <params>
            <param index="0">
              <value>
                <![CDATA[Service_Chain \ Disposal \ Drainage]]>
              </value>
            </param>
            <param index="1">
              <value>
                <![CDATA[Drainage]]>
              </value>
            </param>
            <param index="2">
              <value>
                <![CDATA[Drainage]]>
              </value>
            </param>
            <param index="3">
              <value>
                <![CDATA[Drainage Disposal Service Chain]]>
              </value>
            </param>
            <param index="4">
              <value>
                <![CDATA[A major stage that has a specific role (Drainage Disposal) in the water utility service chain. It contains all the components necessary to transfer stormwater (liquids and solids) to the environment and is part of a Collection Scheme.]]>
              </value>
            </param>
            <param index="5">
              <value>
                <![CDATA[30]]>
              </value>
            </param>
            <param index="6">
              <value>
                <![CDATA[DL]]>
              </value>
            </param>
          </params>
          <reporter-output>
          </reporter-output>
        </test-method> <!-- verify_ClassificationSchemePage -->
        <test-method signature="verify_ClassificationSchemePage(java.lang.String,java.lang.String,java.lang.String,java.lang.String,java.lang.String,java.lang.String,java.lang.String)[pri:2, instance:testCases.EADMF26_27_TC_02@6fb365ed]" started-at="2025-01-07T18:16:43 IST" name="verify_ClassificationSchemePage" data-provider="ClassificationServiceChainData" finished-at="2025-01-07T18:16:58 IST" depends-on-methods="testCases.EADMF26_27_TC_02.Login" duration-ms="14831" status="PASS">
          <params>
            <param index="0">
              <value>
                <![CDATA[Service_Chain \ Distribution]]>
              </value>
            </param>
            <param index="1">
              <value>
                <![CDATA[Distribution]]>
              </value>
            </param>
            <param index="2">
              <value>
                <![CDATA[Distribution]]>
              </value>
            </param>
            <param index="3">
              <value>
                <![CDATA[Distribution Service Chain]]>
              </value>
            </param>
            <param index="4">
              <value>
                <![CDATA[A major stage that has a specific role in the utility's service chain and contains all the components necessary to deliver product to customers and is part of a Supply Scheme.]]>
              </value>
            </param>
            <param index="5">
              <value>
                <![CDATA[N/A]]>
              </value>
            </param>
            <param index="6">
              <value>
                <![CDATA[NA]]>
              </value>
            </param>
          </params>
          <reporter-output>
          </reporter-output>
        </test-method> <!-- verify_ClassificationSchemePage -->
        <test-method signature="verify_ClassificationSchemePage(java.lang.String,java.lang.String,java.lang.String,java.lang.String,java.lang.String,java.lang.String,java.lang.String)[pri:2, instance:testCases.EADMF26_27_TC_02@6fb365ed]" started-at="2025-01-07T18:16:58 IST" name="verify_ClassificationSchemePage" data-provider="ClassificationServiceChainData" finished-at="2025-01-07T18:17:13 IST" depends-on-methods="testCases.EADMF26_27_TC_02.Login" duration-ms="14920" status="PASS">
          <params>
            <param index="0">
              <value>
                <![CDATA[Service_Chain \ Distribution \ Potable]]>
              </value>
            </param>
            <param index="1">
              <value>
                <![CDATA[Potable]]>
              </value>
            </param>
            <param index="2">
              <value>
                <![CDATA[Potable]]>
              </value>
            </param>
            <param index="3">
              <value>
                <![CDATA[Potable Distribution Service Chain]]>
              </value>
            </param>
            <param index="4">
              <value>
                <![CDATA[A major stage that has a specific role in the water utility service chain and contains all the components necessary to deliver product to customers and is part of a Potable Supply Scheme.]]>
              </value>
            </param>
            <param index="5">
              <value>
                <![CDATA[N/A]]>
              </value>
            </param>
            <param index="6">
              <value>
                <![CDATA[NA]]>
              </value>
            </param>
          </params>
          <reporter-output>
          </reporter-output>
        </test-method> <!-- verify_ClassificationSchemePage -->
        <test-method signature="verify_ClassificationSchemePage(java.lang.String,java.lang.String,java.lang.String,java.lang.String,java.lang.String,java.lang.String,java.lang.String)[pri:2, instance:testCases.EADMF26_27_TC_02@6fb365ed]" started-at="2025-01-07T18:17:13 IST" name="verify_ClassificationSchemePage" data-provider="ClassificationServiceChainData" finished-at="2025-01-07T18:17:28 IST" depends-on-methods="testCases.EADMF26_27_TC_02.Login" duration-ms="14845" status="PASS">
          <params>
            <param index="0">
              <value>
                <![CDATA[Service_Chain \ Distribution \ Potable \ Water]]>
              </value>
            </param>
            <param index="1">
              <value>
                <![CDATA[Water]]>
              </value>
            </param>
            <param index="2">
              <value>
                <![CDATA[Water]]>
              </value>
            </param>
            <param index="3">
              <value>
                <![CDATA[Potable Water Distribution Service Chain]]>
              </value>
            </param>
            <param index="4">
              <value>
                <![CDATA[A major stage that has a specific role (Potable Water Distribution) in the water utility service chain. It contains all the components necessary to deliver potable water to customers and is part of a Supply Scheme.]]>
              </value>
            </param>
            <param index="5">
              <value>
                <![CDATA[30]]>
              </value>
            </param>
            <param index="6">
              <value>
                <![CDATA[DN]]>
              </value>
            </param>
          </params>
          <reporter-output>
          </reporter-output>
        </test-method> <!-- verify_ClassificationSchemePage -->
        <test-method signature="verify_ClassificationSchemePage(java.lang.String,java.lang.String,java.lang.String,java.lang.String,java.lang.String,java.lang.String,java.lang.String)[pri:2, instance:testCases.EADMF26_27_TC_02@6fb365ed]" started-at="2025-01-07T18:17:28 IST" name="verify_ClassificationSchemePage" data-provider="ClassificationServiceChainData" finished-at="2025-01-07T18:17:43 IST" depends-on-methods="testCases.EADMF26_27_TC_02.Login" duration-ms="14864" status="PASS">
          <params>
            <param index="0">
              <value>
                <![CDATA[Service_Chain \ Distribution \ Non-Potable]]>
              </value>
            </param>
            <param index="1">
              <value>
                <![CDATA[Non-Potable]]>
              </value>
            </param>
            <param index="2">
              <value>
                <![CDATA[Non-Potable]]>
              </value>
            </param>
            <param index="3">
              <value>
                <![CDATA[Non-Potable Distribution Service Chain]]>
              </value>
            </param>
            <param index="4">
              <value>
                <![CDATA[A major stage that has a specific role in the water utility service chain and contains all the components necessary to deliver product to customers and is part of a Non-Potable Supply Scheme.]]>
              </value>
            </param>
            <param index="5">
              <value>
                <![CDATA[N/A]]>
              </value>
            </param>
            <param index="6">
              <value>
                <![CDATA[NA]]>
              </value>
            </param>
          </params>
          <reporter-output>
          </reporter-output>
        </test-method> <!-- verify_ClassificationSchemePage -->
        <test-method signature="verify_ClassificationSchemePage(java.lang.String,java.lang.String,java.lang.String,java.lang.String,java.lang.String,java.lang.String,java.lang.String)[pri:2, instance:testCases.EADMF26_27_TC_02@6fb365ed]" started-at="2025-01-07T18:17:43 IST" name="verify_ClassificationSchemePage" data-provider="ClassificationServiceChainData" finished-at="2025-01-07T18:17:58 IST" depends-on-methods="testCases.EADMF26_27_TC_02.Login" duration-ms="14962" status="PASS">
          <params>
            <param index="0">
              <value>
                <![CDATA[Service_Chain \ Distribution \ Non-Potable \ Water]]>
              </value>
            </param>
            <param index="1">
              <value>
                <![CDATA[Water]]>
              </value>
            </param>
            <param index="2">
              <value>
                <![CDATA[Water]]>
              </value>
            </param>
            <param index="3">
              <value>
                <![CDATA[Non-Potable Water Distribution Service Chain]]>
              </value>
            </param>
            <param index="4">
              <value>
                <![CDATA[A major stage that has a specific role (Non Potable Distribution) in the water utility service chain. It contains all the components necessary to deliver non potable water to customers and is part of a Supply Scheme.]]>
              </value>
            </param>
            <param index="5">
              <value>
                <![CDATA[30]]>
              </value>
            </param>
            <param index="6">
              <value>
                <![CDATA[DN]]>
              </value>
            </param>
          </params>
          <reporter-output>
          </reporter-output>
        </test-method> <!-- verify_ClassificationSchemePage -->
        <test-method signature="verify_ClassificationSchemePage(java.lang.String,java.lang.String,java.lang.String,java.lang.String,java.lang.String,java.lang.String,java.lang.String)[pri:2, instance:testCases.EADMF26_27_TC_02@6fb365ed]" started-at="2025-01-07T18:17:58 IST" name="verify_ClassificationSchemePage" data-provider="ClassificationServiceChainData" finished-at="2025-01-07T18:18:12 IST" depends-on-methods="testCases.EADMF26_27_TC_02.Login" duration-ms="14958" status="PASS">
          <params>
            <param index="0">
              <value>
                <![CDATA[Service_Chain \ Distribution \ Non-Potable \ Irrigation]]>
              </value>
            </param>
            <param index="1">
              <value>
                <![CDATA[Irrigation]]>
              </value>
            </param>
            <param index="2">
              <value>
                <![CDATA[Irrigation]]>
              </value>
            </param>
            <param index="3">
              <value>
                <![CDATA[Non-Potable Irrigation Distribution Service Chain]]>
              </value>
            </param>
            <param index="4">
              <value>
                <![CDATA[A major stage that has a specific role (Irrigation Distribution / Non Potable Distribution) in the water utility service chain. It contains all the components necessary to deliver irrigation water to customers and is part of a Supply Scheme.]]>
              </value>
            </param>
            <param index="5">
              <value>
                <![CDATA[30]]>
              </value>
            </param>
            <param index="6">
              <value>
                <![CDATA[DN]]>
              </value>
            </param>
          </params>
          <reporter-output>
          </reporter-output>
        </test-method> <!-- verify_ClassificationSchemePage -->
        <test-method signature="verify_ClassificationSchemePage(java.lang.String,java.lang.String,java.lang.String,java.lang.String,java.lang.String,java.lang.String,java.lang.String)[pri:2, instance:testCases.EADMF26_27_TC_02@6fb365ed]" started-at="2025-01-07T18:18:12 IST" name="verify_ClassificationSchemePage" data-provider="ClassificationServiceChainData" finished-at="2025-01-07T18:18:27 IST" depends-on-methods="testCases.EADMF26_27_TC_02.Login" duration-ms="14863" status="PASS">
          <params>
            <param index="0">
              <value>
                <![CDATA[Service_Chain \ Distribution \ Non-Potable \ Reuse]]>
              </value>
            </param>
            <param index="1">
              <value>
                <![CDATA[Reuse]]>
              </value>
            </param>
            <param index="2">
              <value>
                <![CDATA[Reuse]]>
              </value>
            </param>
            <param index="3">
              <value>
                <![CDATA[Non-Potable Reuse Distribution Service Chain]]>
              </value>
            </param>
            <param index="4">
              <value>
                <![CDATA[A major stage that has a specific role (Non-Potable Water Distribution) in the water utility service chain. It contains all the components necessary to deliver reuse water to customers and is part of a Supply Scheme.]]>
              </value>
            </param>
            <param index="5">
              <value>
                <![CDATA[30]]>
              </value>
            </param>
            <param index="6">
              <value>
                <![CDATA[DN]]>
              </value>
            </param>
          </params>
          <reporter-output>
          </reporter-output>
        </test-method> <!-- verify_ClassificationSchemePage -->
        <test-method signature="verify_ClassificationSchemePage(java.lang.String,java.lang.String,java.lang.String,java.lang.String,java.lang.String,java.lang.String,java.lang.String)[pri:2, instance:testCases.EADMF26_27_TC_02@6fb365ed]" started-at="2025-01-07T18:18:27 IST" name="verify_ClassificationSchemePage" data-provider="ClassificationServiceChainData" finished-at="2025-01-07T18:18:42 IST" depends-on-methods="testCases.EADMF26_27_TC_02.Login" duration-ms="14897" status="PASS">
          <params>
            <param index="0">
              <value>
                <![CDATA[Service_Chain \ Distribution \ Power]]>
              </value>
            </param>
            <param index="1">
              <value>
                <![CDATA[Power]]>
              </value>
            </param>
            <param index="2">
              <value>
                <![CDATA[Power]]>
              </value>
            </param>
            <param index="3">
              <value>
                <![CDATA[Power Distribution Service Chain]]>
              </value>
            </param>
            <param index="4">
              <value>
                <![CDATA[****Description to be developed****]]>
              </value>
            </param>
            <param index="5">
              <value>
                <![CDATA[30]]>
              </value>
            </param>
            <param index="6">
              <value>
                <![CDATA[DN]]>
              </value>
            </param>
          </params>
          <reporter-output>
          </reporter-output>
        </test-method> <!-- verify_ClassificationSchemePage -->
        <test-method signature="LogOut()[pri:3, instance:testCases.EADMF26_27_TC_02@6fb365ed]" started-at="2025-01-07T18:18:42 IST" name="LogOut" finished-at="2025-01-07T18:18:43 IST" duration-ms="1192" status="PASS">
          <reporter-output>
          </reporter-output>
        </test-method> <!-- LogOut -->
      </class> <!-- testCases.EADMF26_27_TC_02 -->
    </test> <!-- Test -->
  </suite> <!-- Suite -->
</testng-results>
